c:\studium\vsworkspaces\c++\grundkursc++\listings002\x64\debug\vc143.pdb
c:\studium\vsworkspaces\c++\grundkursc++\listings002\x64\debug\vc143.idb
c:\studium\vsworkspaces\c++\grundkursc++\listings002\x64\debug\listing003.obj
c:\studium\vsworkspaces\c++\grundkursc++\listings002\x64\debug\listing002.obj
c:\studium\vsworkspaces\c++\grundkursc++\listings002\x64\debug\listing001.obj
c:\studium\vsworkspaces\c++\grundkursc++\x64\debug\listings002.pdb
c:\studium\vsworkspaces\c++\grundkursc++\listings002\x64\debug\listings002.tlog\cl.command.1.tlog
c:\studium\vsworkspaces\c++\grundkursc++\listings002\x64\debug\listings002.tlog\cl.items.tlog
c:\studium\vsworkspaces\c++\grundkursc++\listings002\x64\debug\listings002.tlog\cl.read.1.tlog
c:\studium\vsworkspaces\c++\grundkursc++\listings002\x64\debug\listings002.tlog\cl.write.1.tlog
c:\studium\vsworkspaces\c++\grundkursc++\listings002\x64\debug\listings002.tlog\link-cvtres.read.1.tlog
c:\studium\vsworkspaces\c++\grundkursc++\listings002\x64\debug\listings002.tlog\link-cvtres.write.1.tlog
c:\studium\vsworkspaces\c++\grundkursc++\listings002\x64\debug\listings002.tlog\link-rc.read.1.tlog
c:\studium\vsworkspaces\c++\grundkursc++\listings002\x64\debug\listings002.tlog\link-rc.write.1.tlog
c:\studium\vsworkspaces\c++\grundkursc++\listings002\x64\debug\listings002.tlog\link.20164-cvtres.read.1.tlog
c:\studium\vsworkspaces\c++\grundkursc++\listings002\x64\debug\listings002.tlog\link.20164-cvtres.write.1.tlog
c:\studium\vsworkspaces\c++\grundkursc++\listings002\x64\debug\listings002.tlog\link.20164-rc.read.1.tlog
c:\studium\vsworkspaces\c++\grundkursc++\listings002\x64\debug\listings002.tlog\link.20164-rc.write.1.tlog
c:\studium\vsworkspaces\c++\grundkursc++\listings002\x64\debug\listings002.tlog\link.20164.read.1.tlog
c:\studium\vsworkspaces\c++\grundkursc++\listings002\x64\debug\listings002.tlog\link.20164.read.2.tlog
c:\studium\vsworkspaces\c++\grundkursc++\listings002\x64\debug\listings002.tlog\link.20164.write.1.tlog
c:\studium\vsworkspaces\c++\grundkursc++\listings002\x64\debug\listings002.tlog\link.command.1.tlog
c:\studium\vsworkspaces\c++\grundkursc++\listings002\x64\debug\listings002.tlog\link.read.1.tlog
c:\studium\vsworkspaces\c++\grundkursc++\listings002\x64\debug\listings002.tlog\link.read.2.tlog
c:\studium\vsworkspaces\c++\grundkursc++\listings002\x64\debug\listings002.tlog\link.write.1.tlog
